{"E:\\Development\\NodeJs_Unacademy\\Ecomm\\app.js": {"path":"E:\\Development\\NodeJs_Unacademy\\Ecomm\\app.js","statementMap":{"0":{"start":{"line":1,"column":16},"end":{"line":1,"column":34}},"1":{"start":{"line":2,"column":17},"end":{"line":2,"column":39}},"2":{"start":{"line":3,"column":15},"end":{"line":3,"column":40}},"3":{"start":{"line":4,"column":21},"end":{"line":4,"column":58}},"4":{"start":{"line":5,"column":11},"end":{"line":5,"column":29}},"5":{"start":{"line":6,"column":19},"end":{"line":6,"column":28}},"6":{"start":{"line":7,"column":0},"end":{"line":7,"column":34}},"7":{"start":{"line":8,"column":0},"end":{"line":8,"column":23}},"8":{"start":{"line":9,"column":0},"end":{"line":9,"column":29}},"9":{"start":{"line":11,"column":0},"end":{"line":11,"column":32}},"10":{"start":{"line":13,"column":0},"end":{"line":15,"column":3}},"11":{"start":{"line":14,"column":2},"end":{"line":14,"column":9}},"12":{"start":{"line":17,"column":11},"end":{"line":20,"column":1}},"13":{"start":{"line":18,"column":2},"end":{"line":18,"column":21}},"14":{"start":{"line":19,"column":2},"end":{"line":19,"column":16}},"15":{"start":{"line":22,"column":23},"end":{"line":37,"column":1}},"16":{"start":{"line":23,"column":2},"end":{"line":36,"column":5}},"17":{"start":{"line":39,"column":18},"end":{"line":50,"column":1}},"18":{"start":{"line":40,"column":2},"end":{"line":49,"column":5}},"19":{"start":{"line":52,"column":0},"end":{"line":52,"column":28}}},"fnMap":{"0":{"name":"(anonymous_0)","decl":{"start":{"line":13,"column":41},"end":{"line":13,"column":42}},"loc":{"start":{"line":13,"column":47},"end":{"line":15,"column":1}},"line":13},"1":{"name":"(anonymous_1)","decl":{"start":{"line":17,"column":11},"end":{"line":17,"column":12}},"loc":{"start":{"line":17,"column":23},"end":{"line":20,"column":1}},"line":17},"2":{"name":"(anonymous_2)","decl":{"start":{"line":22,"column":23},"end":{"line":22,"column":24}},"loc":{"start":{"line":22,"column":35},"end":{"line":37,"column":1}},"line":22},"3":{"name":"(anonymous_3)","decl":{"start":{"line":39,"column":18},"end":{"line":39,"column":19}},"loc":{"start":{"line":39,"column":30},"end":{"line":50,"column":1}},"line":39}},"branchMap":{},"s":{"0":1,"1":1,"2":1,"3":1,"4":1,"5":1,"6":1,"7":1,"8":1,"9":1,"10":1,"11":1,"12":1,"13":1,"14":1,"15":1,"16":1,"17":1,"18":1,"19":1},"f":{"0":1,"1":1,"2":1,"3":1},"b":{},"_coverageSchema":"1a1c01bbd47fc00a2c39e90264f33305004495a9","hash":"edd6d0e1973ac17c6f4e050e156629f02fecf118"}
,"E:\\Development\\NodeJs_Unacademy\\Ecomm\\config\\auth.config.js": {"path":"E:\\Development\\NodeJs_Unacademy\\Ecomm\\config\\auth.config.js","statementMap":{"0":{"start":{"line":1,"column":16},"end":{"line":3,"column":1}},"1":{"start":{"line":5,"column":0},"end":{"line":5,"column":27}}},"fnMap":{},"branchMap":{},"s":{"0":1,"1":1},"f":{},"b":{},"_coverageSchema":"1a1c01bbd47fc00a2c39e90264f33305004495a9","hash":"604d3d9bbb42e65796908ee8eb53bf042029b52e"}
,"E:\\Development\\NodeJs_Unacademy\\Ecomm\\config\\db.config.js": {"path":"E:\\Development\\NodeJs_Unacademy\\Ecomm\\config\\db.config.js","statementMap":{"0":{"start":{"line":1,"column":28},"end":{"line":13,"column":1}},"1":{"start":{"line":15,"column":21},"end":{"line":27,"column":1}},"2":{"start":{"line":29,"column":0},"end":{"line":32,"column":2}}},"fnMap":{},"branchMap":{},"s":{"0":3,"1":3,"2":3},"f":{},"b":{},"_coverageSchema":"1a1c01bbd47fc00a2c39e90264f33305004495a9","hash":"d463839892ae0fc5aaedef0a148a5c78c18287e9"}
,"E:\\Development\\NodeJs_Unacademy\\Ecomm\\controller\\auth.controller.js": {"path":"E:\\Development\\NodeJs_Unacademy\\Ecomm\\controller\\auth.controller.js","statementMap":{"0":{"start":{"line":1,"column":15},"end":{"line":1,"column":49}},"1":{"start":{"line":2,"column":12},"end":{"line":2,"column":35}},"2":{"start":{"line":3,"column":15},"end":{"line":3,"column":34}},"3":{"start":{"line":4,"column":11},"end":{"line":4,"column":32}},"4":{"start":{"line":6,"column":13},"end":{"line":32,"column":1}},"5":{"start":{"line":7,"column":13},"end":{"line":11,"column":4}},"6":{"start":{"line":13,"column":2},"end":{"line":31,"column":3}},"7":{"start":{"line":14,"column":16},"end":{"line":20,"column":6}},"8":{"start":{"line":22,"column":4},"end":{"line":22,"column":31}},"9":{"start":{"line":23,"column":4},"end":{"line":25,"column":7}},"10":{"start":{"line":27,"column":4},"end":{"line":27,"column":29}},"11":{"start":{"line":28,"column":4},"end":{"line":30,"column":7}},"12":{"start":{"line":34,"column":13},"end":{"line":77,"column":1}},"13":{"start":{"line":35,"column":17},"end":{"line":39,"column":4}},"14":{"start":{"line":41,"column":2},"end":{"line":46,"column":3}},"15":{"start":{"line":42,"column":4},"end":{"line":44,"column":7}},"16":{"start":{"line":45,"column":4},"end":{"line":45,"column":11}},"17":{"start":{"line":48,"column":24},"end":{"line":51,"column":3}},"18":{"start":{"line":53,"column":2},"end":{"line":58,"column":3}},"19":{"start":{"line":54,"column":4},"end":{"line":56,"column":7}},"20":{"start":{"line":57,"column":4},"end":{"line":57,"column":11}},"21":{"start":{"line":60,"column":14},"end":{"line":62,"column":4}},"22":{"start":{"line":64,"column":20},"end":{"line":64,"column":22}},"23":{"start":{"line":65,"column":14},"end":{"line":65,"column":39}},"24":{"start":{"line":66,"column":2},"end":{"line":68,"column":3}},"25":{"start":{"line":66,"column":15},"end":{"line":66,"column":16}},"26":{"start":{"line":67,"column":4},"end":{"line":67,"column":60}},"27":{"start":{"line":70,"column":2},"end":{"line":76,"column":5}},"28":{"start":{"line":79,"column":0},"end":{"line":79,"column":36}}},"fnMap":{"0":{"name":"(anonymous_0)","decl":{"start":{"line":6,"column":13},"end":{"line":6,"column":14}},"loc":{"start":{"line":6,"column":33},"end":{"line":32,"column":1}},"line":6},"1":{"name":"(anonymous_1)","decl":{"start":{"line":34,"column":13},"end":{"line":34,"column":14}},"loc":{"start":{"line":34,"column":33},"end":{"line":77,"column":1}},"line":34}},"branchMap":{"0":{"loc":{"start":{"line":13,"column":2},"end":{"line":31,"column":3}},"type":"if","locations":[{"start":{"line":13,"column":2},"end":{"line":31,"column":3}},{"start":{"line":26,"column":9},"end":{"line":31,"column":3}}],"line":13},"1":{"loc":{"start":{"line":41,"column":2},"end":{"line":46,"column":3}},"type":"if","locations":[{"start":{"line":41,"column":2},"end":{"line":46,"column":3}},{"start":{},"end":{}}],"line":41},"2":{"loc":{"start":{"line":53,"column":2},"end":{"line":58,"column":3}},"type":"if","locations":[{"start":{"line":53,"column":2},"end":{"line":58,"column":3}},{"start":{},"end":{}}],"line":53}},"s":{"0":1,"1":1,"2":1,"3":1,"4":1,"5":0,"6":0,"7":0,"8":0,"9":0,"10":0,"11":0,"12":1,"13":0,"14":0,"15":0,"16":0,"17":0,"18":0,"19":0,"20":0,"21":0,"22":0,"23":0,"24":0,"25":0,"26":0,"27":0,"28":1},"f":{"0":0,"1":0},"b":{"0":[0,0],"1":[0,0],"2":[0,0]},"_coverageSchema":"1a1c01bbd47fc00a2c39e90264f33305004495a9","hash":"9e0677eddefa066a856fe4db47a246a9500ef8f8"}
,"E:\\Development\\NodeJs_Unacademy\\Ecomm\\controller\\cart.controller.js": {"path":"E:\\Development\\NodeJs_Unacademy\\Ecomm\\controller\\cart.controller.js","statementMap":{"0":{"start":{"line":1,"column":11},"end":{"line":1,"column":32}},"1":{"start":{"line":3,"column":17},"end":{"line":15,"column":1}},"2":{"start":{"line":4,"column":13},"end":{"line":4,"column":21}},"3":{"start":{"line":5,"column":2},"end":{"line":14,"column":3}},"4":{"start":{"line":6,"column":4},"end":{"line":6,"column":31}},"5":{"start":{"line":7,"column":4},"end":{"line":9,"column":7}},"6":{"start":{"line":11,"column":4},"end":{"line":13,"column":7}},"7":{"start":{"line":17,"column":17},"end":{"line":48,"column":1}},"8":{"start":{"line":18,"column":17},"end":{"line":18,"column":34}},"9":{"start":{"line":19,"column":21},"end":{"line":19,"column":51}},"10":{"start":{"line":20,"column":2},"end":{"line":47,"column":3}},"11":{"start":{"line":21,"column":24},"end":{"line":25,"column":6}},"12":{"start":{"line":27,"column":4},"end":{"line":46,"column":5}},"13":{"start":{"line":28,"column":6},"end":{"line":28,"column":52}},"14":{"start":{"line":29,"column":22},"end":{"line":29,"column":23}},"15":{"start":{"line":30,"column":29},"end":{"line":30,"column":31}},"16":{"start":{"line":31,"column":21},"end":{"line":31,"column":53}},"17":{"start":{"line":32,"column":6},"end":{"line":39,"column":7}},"18":{"start":{"line":33,"column":8},"end":{"line":33,"column":50}},"19":{"start":{"line":34,"column":8},"end":{"line":38,"column":11}},"20":{"start":{"line":41,"column":6},"end":{"line":45,"column":9}},"21":{"start":{"line":50,"column":14},"end":{"line":69,"column":1}},"22":{"start":{"line":51,"column":13},"end":{"line":51,"column":54}},"23":{"start":{"line":52,"column":18},"end":{"line":52,"column":19}},"24":{"start":{"line":53,"column":25},"end":{"line":53,"column":27}},"25":{"start":{"line":54,"column":17},"end":{"line":54,"column":41}},"26":{"start":{"line":55,"column":2},"end":{"line":62,"column":3}},"27":{"start":{"line":56,"column":4},"end":{"line":56,"column":40}},"28":{"start":{"line":57,"column":4},"end":{"line":61,"column":7}},"29":{"start":{"line":64,"column":2},"end":{"line":68,"column":5}},"30":{"start":{"line":71,"column":0},"end":{"line":75,"column":2}}},"fnMap":{"0":{"name":"(anonymous_0)","decl":{"start":{"line":3,"column":17},"end":{"line":3,"column":18}},"loc":{"start":{"line":3,"column":43},"end":{"line":15,"column":1}},"line":3},"1":{"name":"(anonymous_1)","decl":{"start":{"line":17,"column":17},"end":{"line":17,"column":18}},"loc":{"start":{"line":17,"column":43},"end":{"line":48,"column":1}},"line":17},"2":{"name":"(anonymous_2)","decl":{"start":{"line":50,"column":14},"end":{"line":50,"column":15}},"loc":{"start":{"line":50,"column":40},"end":{"line":69,"column":1}},"line":50}},"branchMap":{"0":{"loc":{"start":{"line":20,"column":2},"end":{"line":47,"column":3}},"type":"if","locations":[{"start":{"line":20,"column":2},"end":{"line":47,"column":3}},{"start":{},"end":{}}],"line":20},"1":{"loc":{"start":{"line":27,"column":4},"end":{"line":46,"column":5}},"type":"if","locations":[{"start":{"line":27,"column":4},"end":{"line":46,"column":5}},{"start":{},"end":{}}],"line":27}},"s":{"0":1,"1":1,"2":0,"3":0,"4":0,"5":0,"6":0,"7":1,"8":0,"9":0,"10":0,"11":0,"12":0,"13":0,"14":0,"15":0,"16":0,"17":0,"18":0,"19":0,"20":0,"21":1,"22":0,"23":0,"24":0,"25":0,"26":0,"27":0,"28":0,"29":0,"30":1},"f":{"0":0,"1":0,"2":0},"b":{"0":[0,0],"1":[0,0]},"_coverageSchema":"1a1c01bbd47fc00a2c39e90264f33305004495a9","hash":"6e1b1a8e2916cb38fc99530a57550eb23b96516f"}
,"E:\\Development\\NodeJs_Unacademy\\Ecomm\\controller\\category.controller.js": {"path":"E:\\Development\\NodeJs_Unacademy\\Ecomm\\controller\\category.controller.js","statementMap":{"0":{"start":{"line":1,"column":11},"end":{"line":1,"column":32}},"1":{"start":{"line":3,"column":23},"end":{"line":12,"column":1}},"2":{"start":{"line":4,"column":2},"end":{"line":11,"column":3}},"3":{"start":{"line":5,"column":21},"end":{"line":5,"column":48}},"4":{"start":{"line":6,"column":4},"end":{"line":6,"column":37}},"5":{"start":{"line":8,"column":4},"end":{"line":10,"column":7}},"6":{"start":{"line":14,"column":22},"end":{"line":24,"column":1}},"7":{"start":{"line":15,"column":11},"end":{"line":15,"column":32}},"8":{"start":{"line":16,"column":19},"end":{"line":20,"column":4}},"9":{"start":{"line":22,"column":2},"end":{"line":22,"column":35}},"10":{"start":{"line":23,"column":2},"end":{"line":23,"column":12}},"11":{"start":{"line":26,"column":21},"end":{"line":35,"column":1}},"12":{"start":{"line":27,"column":2},"end":{"line":34,"column":3}},"13":{"start":{"line":28,"column":24},"end":{"line":28,"column":32}},"14":{"start":{"line":29,"column":4},"end":{"line":29,"column":44}},"15":{"start":{"line":30,"column":4},"end":{"line":30,"column":47}},"16":{"start":{"line":31,"column":4},"end":{"line":31,"column":14}},"17":{"start":{"line":33,"column":4},"end":{"line":33,"column":14}},"18":{"start":{"line":37,"column":25},"end":{"line":56,"column":1}},"19":{"start":{"line":38,"column":11},"end":{"line":38,"column":32}},"20":{"start":{"line":39,"column":17},"end":{"line":39,"column":47}},"21":{"start":{"line":40,"column":2},"end":{"line":55,"column":3}},"22":{"start":{"line":41,"column":4},"end":{"line":43,"column":5}},"23":{"start":{"line":42,"column":6},"end":{"line":42,"column":44}},"24":{"start":{"line":45,"column":4},"end":{"line":49,"column":7}},"25":{"start":{"line":51,"column":4},"end":{"line":51,"column":45}},"26":{"start":{"line":52,"column":4},"end":{"line":52,"column":14}},"27":{"start":{"line":54,"column":4},"end":{"line":54,"column":14}},"28":{"start":{"line":58,"column":25},"end":{"line":73,"column":1}},"29":{"start":{"line":59,"column":11},"end":{"line":59,"column":32}},"30":{"start":{"line":60,"column":25},"end":{"line":63,"column":3}},"31":{"start":{"line":65,"column":2},"end":{"line":69,"column":5}},"32":{"start":{"line":71,"column":23},"end":{"line":71,"column":53}},"33":{"start":{"line":72,"column":2},"end":{"line":72,"column":39}},"34":{"start":{"line":75,"column":10},"end":{"line":81,"column":1}},"35":{"start":{"line":82,"column":0},"end":{"line":82,"column":21}}},"fnMap":{"0":{"name":"(anonymous_0)","decl":{"start":{"line":3,"column":23},"end":{"line":3,"column":24}},"loc":{"start":{"line":3,"column":49},"end":{"line":12,"column":1}},"line":3},"1":{"name":"(anonymous_1)","decl":{"start":{"line":14,"column":22},"end":{"line":14,"column":23}},"loc":{"start":{"line":14,"column":48},"end":{"line":24,"column":1}},"line":14},"2":{"name":"(anonymous_2)","decl":{"start":{"line":26,"column":21},"end":{"line":26,"column":22}},"loc":{"start":{"line":26,"column":47},"end":{"line":35,"column":1}},"line":26},"3":{"name":"(anonymous_3)","decl":{"start":{"line":37,"column":25},"end":{"line":37,"column":26}},"loc":{"start":{"line":37,"column":51},"end":{"line":56,"column":1}},"line":37},"4":{"name":"(anonymous_4)","decl":{"start":{"line":58,"column":25},"end":{"line":58,"column":26}},"loc":{"start":{"line":58,"column":51},"end":{"line":73,"column":1}},"line":58}},"branchMap":{"0":{"loc":{"start":{"line":41,"column":4},"end":{"line":43,"column":5}},"type":"if","locations":[{"start":{"line":41,"column":4},"end":{"line":43,"column":5}},{"start":{},"end":{}}],"line":41}},"s":{"0":2,"1":2,"2":2,"3":2,"4":1,"5":1,"6":2,"7":1,"8":1,"9":1,"10":1,"11":2,"12":0,"13":0,"14":0,"15":0,"16":0,"17":0,"18":2,"19":0,"20":0,"21":0,"22":0,"23":0,"24":0,"25":0,"26":0,"27":0,"28":2,"29":0,"30":0,"31":0,"32":0,"33":0,"34":2,"35":2},"f":{"0":2,"1":1,"2":0,"3":0,"4":0},"b":{"0":[0,0]},"_coverageSchema":"1a1c01bbd47fc00a2c39e90264f33305004495a9","hash":"373a5900f12b9fd42b5556ae3d8b39ddac968721"}
,"E:\\Development\\NodeJs_Unacademy\\Ecomm\\controller\\product.controller.js": {"path":"E:\\Development\\NodeJs_Unacademy\\Ecomm\\controller\\product.controller.js","statementMap":{"0":{"start":{"line":1,"column":11},"end":{"line":1,"column":30}},"1":{"start":{"line":3,"column":21},"end":{"line":40,"column":1}},"2":{"start":{"line":4,"column":2},"end":{"line":35,"column":5}},"3":{"start":{"line":37,"column":2},"end":{"line":39,"column":5}},"4":{"start":{"line":42,"column":20},"end":{"line":52,"column":1}},"5":{"start":{"line":43,"column":21},"end":{"line":43,"column":29}},"6":{"start":{"line":44,"column":2},"end":{"line":51,"column":3}},"7":{"start":{"line":45,"column":4},"end":{"line":45,"column":42}},"8":{"start":{"line":46,"column":4},"end":{"line":46,"column":39}},"9":{"start":{"line":48,"column":4},"end":{"line":50,"column":7}},"10":{"start":{"line":54,"column":21},"end":{"line":82,"column":1}},"11":{"start":{"line":55,"column":19},"end":{"line":55,"column":39}},"12":{"start":{"line":56,"column":17},"end":{"line":56,"column":35}},"13":{"start":{"line":57,"column":17},"end":{"line":57,"column":35}},"14":{"start":{"line":58,"column":17},"end":{"line":58,"column":19}},"15":{"start":{"line":60,"column":2},"end":{"line":78,"column":3}},"16":{"start":{"line":61,"column":4},"end":{"line":61,"column":42}},"17":{"start":{"line":63,"column":4},"end":{"line":77,"column":5}},"18":{"start":{"line":64,"column":6},"end":{"line":64,"column":52}},"19":{"start":{"line":65,"column":11},"end":{"line":77,"column":5}},"20":{"start":{"line":66,"column":6},"end":{"line":66,"column":62}},"21":{"start":{"line":68,"column":6},"end":{"line":76,"column":9}},"22":{"start":{"line":80,"column":2},"end":{"line":80,"column":33}},"23":{"start":{"line":81,"column":2},"end":{"line":81,"column":12}},"24":{"start":{"line":84,"column":23},"end":{"line":92,"column":1}},"25":{"start":{"line":85,"column":25},"end":{"line":89,"column":4}},"26":{"start":{"line":91,"column":2},"end":{"line":91,"column":26}},"27":{"start":{"line":94,"column":25},"end":{"line":105,"column":1}},"28":{"start":{"line":95,"column":25},"end":{"line":102,"column":4}},"29":{"start":{"line":104,"column":2},"end":{"line":104,"column":26}},"30":{"start":{"line":107,"column":21},"end":{"line":119,"column":1}},"31":{"start":{"line":108,"column":11},"end":{"line":108,"column":31}},"32":{"start":{"line":109,"column":2},"end":{"line":112,"column":3}},"33":{"start":{"line":110,"column":4},"end":{"line":110,"column":42}},"34":{"start":{"line":111,"column":4},"end":{"line":111,"column":14}},"35":{"start":{"line":113,"column":17},"end":{"line":117,"column":4}},"36":{"start":{"line":118,"column":2},"end":{"line":118,"column":33}},"37":{"start":{"line":121,"column":0},"end":{"line":126,"column":2}}},"fnMap":{"0":{"name":"(anonymous_0)","decl":{"start":{"line":3,"column":21},"end":{"line":3,"column":22}},"loc":{"start":{"line":3,"column":47},"end":{"line":40,"column":1}},"line":3},"1":{"name":"(anonymous_1)","decl":{"start":{"line":42,"column":20},"end":{"line":42,"column":21}},"loc":{"start":{"line":42,"column":46},"end":{"line":52,"column":1}},"line":42},"2":{"name":"(anonymous_2)","decl":{"start":{"line":54,"column":21},"end":{"line":54,"column":22}},"loc":{"start":{"line":54,"column":47},"end":{"line":82,"column":1}},"line":54},"3":{"name":"(anonymous_3)","decl":{"start":{"line":84,"column":23},"end":{"line":84,"column":24}},"loc":{"start":{"line":84,"column":45},"end":{"line":92,"column":1}},"line":84},"4":{"name":"(anonymous_4)","decl":{"start":{"line":94,"column":25},"end":{"line":94,"column":26}},"loc":{"start":{"line":94,"column":55},"end":{"line":105,"column":1}},"line":94},"5":{"name":"(anonymous_5)","decl":{"start":{"line":107,"column":21},"end":{"line":107,"column":22}},"loc":{"start":{"line":107,"column":47},"end":{"line":119,"column":1}},"line":107}},"branchMap":{"0":{"loc":{"start":{"line":60,"column":2},"end":{"line":78,"column":3}},"type":"if","locations":[{"start":{"line":60,"column":2},"end":{"line":78,"column":3}},{"start":{"line":62,"column":9},"end":{"line":78,"column":3}}],"line":60},"1":{"loc":{"start":{"line":63,"column":4},"end":{"line":77,"column":5}},"type":"if","locations":[{"start":{"line":63,"column":4},"end":{"line":77,"column":5}},{"start":{"line":65,"column":11},"end":{"line":77,"column":5}}],"line":63},"2":{"loc":{"start":{"line":63,"column":8},"end":{"line":63,"column":45}},"type":"binary-expr","locations":[{"start":{"line":63,"column":8},"end":{"line":63,"column":18}},{"start":{"line":63,"column":22},"end":{"line":63,"column":45}}],"line":63},"3":{"loc":{"start":{"line":63,"column":24},"end":{"line":63,"column":44}},"type":"binary-expr","locations":[{"start":{"line":63,"column":24},"end":{"line":63,"column":32}},{"start":{"line":63,"column":36},"end":{"line":63,"column":44}}],"line":63},"4":{"loc":{"start":{"line":65,"column":11},"end":{"line":77,"column":5}},"type":"if","locations":[{"start":{"line":65,"column":11},"end":{"line":77,"column":5}},{"start":{"line":67,"column":11},"end":{"line":77,"column":5}}],"line":65},"5":{"loc":{"start":{"line":65,"column":15},"end":{"line":65,"column":50}},"type":"binary-expr","locations":[{"start":{"line":65,"column":15},"end":{"line":65,"column":26}},{"start":{"line":65,"column":30},"end":{"line":65,"column":38}},{"start":{"line":65,"column":42},"end":{"line":65,"column":50}}],"line":65},"6":{"loc":{"start":{"line":109,"column":2},"end":{"line":112,"column":3}},"type":"if","locations":[{"start":{"line":109,"column":2},"end":{"line":112,"column":3}},{"start":{},"end":{}}],"line":109}},"s":{"0":2,"1":2,"2":1,"3":0,"4":2,"5":1,"6":1,"7":1,"8":1,"9":0,"10":2,"11":0,"12":0,"13":0,"14":0,"15":0,"16":0,"17":0,"18":0,"19":0,"20":0,"21":0,"22":0,"23":0,"24":2,"25":0,"26":0,"27":2,"28":0,"29":0,"30":2,"31":0,"32":0,"33":0,"34":0,"35":0,"36":0,"37":2},"f":{"0":1,"1":1,"2":0,"3":0,"4":0,"5":0},"b":{"0":[0,0],"1":[0,0],"2":[0,0],"3":[0,0],"4":[0,0],"5":[0,0,0],"6":[0,0]},"_coverageSchema":"1a1c01bbd47fc00a2c39e90264f33305004495a9","hash":"b4d6be57cc44075c3a6bd4537285ce1dee81392d"}
,"E:\\Development\\NodeJs_Unacademy\\Ecomm\\middlewares\\ErrorHandler.js": {"path":"E:\\Development\\NodeJs_Unacademy\\Ecomm\\middlewares\\ErrorHandler.js","statementMap":{"0":{"start":{"line":1,"column":11},"end":{"line":1,"column":26}},"1":{"start":{"line":3,"column":21},"end":{"line":14,"column":1}},"2":{"start":{"line":4,"column":4},"end":{"line":4,"column":45}},"3":{"start":{"line":5,"column":23},"end":{"line":5,"column":44}},"4":{"start":{"line":6,"column":20},"end":{"line":6,"column":57}},"5":{"start":{"line":13,"column":4},"end":{"line":13,"column":64}},"6":{"start":{"line":16,"column":0},"end":{"line":16,"column":31}}},"fnMap":{"0":{"name":"(anonymous_0)","decl":{"start":{"line":3,"column":21},"end":{"line":3,"column":22}},"loc":{"start":{"line":3,"column":46},"end":{"line":14,"column":1}},"line":3}},"branchMap":{"0":{"loc":{"start":{"line":5,"column":23},"end":{"line":5,"column":44}},"type":"binary-expr","locations":[{"start":{"line":5,"column":23},"end":{"line":5,"column":37}},{"start":{"line":5,"column":41},"end":{"line":5,"column":44}}],"line":5},"1":{"loc":{"start":{"line":6,"column":20},"end":{"line":6,"column":57}},"type":"binary-expr","locations":[{"start":{"line":6,"column":20},"end":{"line":6,"column":31}},{"start":{"line":6,"column":35},"end":{"line":6,"column":57}}],"line":6}},"s":{"0":1,"1":1,"2":0,"3":0,"4":0,"5":0,"6":1},"f":{"0":0},"b":{"0":[0,0],"1":[0,0]},"_coverageSchema":"1a1c01bbd47fc00a2c39e90264f33305004495a9","hash":"4e4a0a8998aea98458e92d66a48f242497b920a9"}
,"E:\\Development\\NodeJs_Unacademy\\Ecomm\\middlewares\\RequestValidator.js": {"path":"E:\\Development\\NodeJs_Unacademy\\Ecomm\\middlewares\\RequestValidator.js","statementMap":{"0":{"start":{"line":1,"column":19},"end":{"line":1,"column":49}},"1":{"start":{"line":3,"column":35},"end":{"line":10,"column":1}},"2":{"start":{"line":4,"column":2},"end":{"line":8,"column":3}},"3":{"start":{"line":5,"column":4},"end":{"line":7,"column":7}},"4":{"start":{"line":9,"column":2},"end":{"line":9,"column":9}},"5":{"start":{"line":12,"column":33},"end":{"line":27,"column":1}},"6":{"start":{"line":13,"column":19},"end":{"line":13,"column":40}},"7":{"start":{"line":14,"column":2},"end":{"line":25,"column":3}},"8":{"start":{"line":15,"column":19},"end":{"line":15,"column":56}},"9":{"start":{"line":16,"column":4},"end":{"line":20,"column":5}},"10":{"start":{"line":17,"column":6},"end":{"line":19,"column":9}},"11":{"start":{"line":22,"column":4},"end":{"line":24,"column":7}},"12":{"start":{"line":26,"column":2},"end":{"line":26,"column":12}},"13":{"start":{"line":29,"column":0},"end":{"line":29,"column":74}}},"fnMap":{"0":{"name":"(anonymous_0)","decl":{"start":{"line":3,"column":35},"end":{"line":3,"column":36}},"loc":{"start":{"line":3,"column":55},"end":{"line":10,"column":1}},"line":3},"1":{"name":"(anonymous_1)","decl":{"start":{"line":12,"column":33},"end":{"line":12,"column":34}},"loc":{"start":{"line":12,"column":59},"end":{"line":27,"column":1}},"line":12}},"branchMap":{"0":{"loc":{"start":{"line":4,"column":2},"end":{"line":8,"column":3}},"type":"if","locations":[{"start":{"line":4,"column":2},"end":{"line":8,"column":3}},{"start":{},"end":{}}],"line":4},"1":{"loc":{"start":{"line":14,"column":2},"end":{"line":25,"column":3}},"type":"if","locations":[{"start":{"line":14,"column":2},"end":{"line":25,"column":3}},{"start":{"line":21,"column":9},"end":{"line":25,"column":3}}],"line":14},"2":{"loc":{"start":{"line":16,"column":4},"end":{"line":20,"column":5}},"type":"if","locations":[{"start":{"line":16,"column":4},"end":{"line":20,"column":5}},{"start":{},"end":{}}],"line":16}},"s":{"0":1,"1":1,"2":0,"3":0,"4":0,"5":1,"6":0,"7":0,"8":0,"9":0,"10":0,"11":0,"12":0,"13":1},"f":{"0":0,"1":0},"b":{"0":[0,0],"1":[0,0],"2":[0,0]},"_coverageSchema":"1a1c01bbd47fc00a2c39e90264f33305004495a9","hash":"7b00c3e767a4c33c1b27d45f9d4cb3d6b0767d71"}
,"E:\\Development\\NodeJs_Unacademy\\Ecomm\\middlewares\\VerifySignUp.js": {"path":"E:\\Development\\NodeJs_Unacademy\\Ecomm\\middlewares\\VerifySignUp.js","statementMap":{"0":{"start":{"line":1,"column":11},"end":{"line":1,"column":38}},"1":{"start":{"line":2,"column":14},"end":{"line":2,"column":22}},"2":{"start":{"line":3,"column":13},"end":{"line":3,"column":20}},"3":{"start":{"line":5,"column":29},"end":{"line":20,"column":1}},"4":{"start":{"line":6,"column":13},"end":{"line":10,"column":4}},"5":{"start":{"line":12,"column":2},"end":{"line":17,"column":3}},"6":{"start":{"line":13,"column":4},"end":{"line":15,"column":7}},"7":{"start":{"line":16,"column":4},"end":{"line":16,"column":11}},"8":{"start":{"line":19,"column":2},"end":{"line":19,"column":9}},"9":{"start":{"line":22,"column":24},"end":{"line":36,"column":1}},"10":{"start":{"line":23,"column":2},"end":{"line":34,"column":3}},"11":{"start":{"line":26,"column":4},"end":{"line":33,"column":5}},"12":{"start":{"line":26,"column":17},"end":{"line":26,"column":18}},"13":{"start":{"line":27,"column":6},"end":{"line":32,"column":7}},"14":{"start":{"line":28,"column":8},"end":{"line":30,"column":11}},"15":{"start":{"line":31,"column":8},"end":{"line":31,"column":15}},"16":{"start":{"line":35,"column":2},"end":{"line":35,"column":9}},"17":{"start":{"line":38,"column":21},"end":{"line":41,"column":1}},"18":{"start":{"line":42,"column":0},"end":{"line":42,"column":30}}},"fnMap":{"0":{"name":"(anonymous_0)","decl":{"start":{"line":5,"column":29},"end":{"line":5,"column":30}},"loc":{"start":{"line":5,"column":55},"end":{"line":20,"column":1}},"line":5},"1":{"name":"(anonymous_1)","decl":{"start":{"line":22,"column":24},"end":{"line":22,"column":25}},"loc":{"start":{"line":22,"column":44},"end":{"line":36,"column":1}},"line":22}},"branchMap":{"0":{"loc":{"start":{"line":12,"column":2},"end":{"line":17,"column":3}},"type":"if","locations":[{"start":{"line":12,"column":2},"end":{"line":17,"column":3}},{"start":{},"end":{}}],"line":12},"1":{"loc":{"start":{"line":23,"column":2},"end":{"line":34,"column":3}},"type":"if","locations":[{"start":{"line":23,"column":2},"end":{"line":34,"column":3}},{"start":{},"end":{}}],"line":23},"2":{"loc":{"start":{"line":27,"column":6},"end":{"line":32,"column":7}},"type":"if","locations":[{"start":{"line":27,"column":6},"end":{"line":32,"column":7}},{"start":{},"end":{}}],"line":27}},"s":{"0":1,"1":1,"2":1,"3":1,"4":0,"5":0,"6":0,"7":0,"8":0,"9":1,"10":0,"11":0,"12":0,"13":0,"14":0,"15":0,"16":0,"17":1,"18":1},"f":{"0":0,"1":0},"b":{"0":[0,0],"1":[0,0],"2":[0,0]},"_coverageSchema":"1a1c01bbd47fc00a2c39e90264f33305004495a9","hash":"98a8e864b636927b06db4e7006ef70c4fd8d6b73"}
,"E:\\Development\\NodeJs_Unacademy\\Ecomm\\middlewares\\authJwt.js": {"path":"E:\\Development\\NodeJs_Unacademy\\Ecomm\\middlewares\\authJwt.js","statementMap":{"0":{"start":{"line":1,"column":12},"end":{"line":1,"column":35}},"1":{"start":{"line":2,"column":15},"end":{"line":2,"column":49}},"2":{"start":{"line":4,"column":20},"end":{"line":25,"column":1}},"3":{"start":{"line":5,"column":14},"end":{"line":5,"column":43}},"4":{"start":{"line":6,"column":2},"end":{"line":11,"column":3}},"5":{"start":{"line":7,"column":4},"end":{"line":9,"column":7}},"6":{"start":{"line":10,"column":4},"end":{"line":10,"column":11}},"7":{"start":{"line":13,"column":2},"end":{"line":24,"column":5}},"8":{"start":{"line":14,"column":4},"end":{"line":20,"column":5}},"9":{"start":{"line":15,"column":6},"end":{"line":17,"column":9}},"10":{"start":{"line":19,"column":6},"end":{"line":19,"column":13}},"11":{"start":{"line":22,"column":4},"end":{"line":22,"column":28}},"12":{"start":{"line":23,"column":4},"end":{"line":23,"column":11}},"13":{"start":{"line":27,"column":0},"end":{"line":29,"column":2}}},"fnMap":{"0":{"name":"(anonymous_0)","decl":{"start":{"line":4,"column":20},"end":{"line":4,"column":21}},"loc":{"start":{"line":4,"column":40},"end":{"line":25,"column":1}},"line":4},"1":{"name":"(anonymous_1)","decl":{"start":{"line":13,"column":35},"end":{"line":13,"column":36}},"loc":{"start":{"line":13,"column":53},"end":{"line":24,"column":3}},"line":13}},"branchMap":{"0":{"loc":{"start":{"line":6,"column":2},"end":{"line":11,"column":3}},"type":"if","locations":[{"start":{"line":6,"column":2},"end":{"line":11,"column":3}},{"start":{},"end":{}}],"line":6},"1":{"loc":{"start":{"line":14,"column":4},"end":{"line":20,"column":5}},"type":"if","locations":[{"start":{"line":14,"column":4},"end":{"line":20,"column":5}},{"start":{},"end":{}}],"line":14}},"s":{"0":1,"1":1,"2":1,"3":1,"4":1,"5":1,"6":1,"7":0,"8":0,"9":0,"10":0,"11":0,"12":0,"13":1},"f":{"0":1,"1":0},"b":{"0":[1,0],"1":[0,0]},"_coverageSchema":"1a1c01bbd47fc00a2c39e90264f33305004495a9","hash":"ab5ed5719b12a92088b4de7e160510b5efc74e78"}
,"E:\\Development\\NodeJs_Unacademy\\Ecomm\\model\\Cart.js": {"path":"E:\\Development\\NodeJs_Unacademy\\Ecomm\\model\\Cart.js","statementMap":{"0":{"start":{"line":1,"column":0},"end":{"line":20,"column":2}},"1":{"start":{"line":2,"column":13},"end":{"line":17,"column":3}},"2":{"start":{"line":19,"column":2},"end":{"line":19,"column":14}}},"fnMap":{"0":{"name":"(anonymous_0)","decl":{"start":{"line":1,"column":17},"end":{"line":1,"column":18}},"loc":{"start":{"line":1,"column":51},"end":{"line":20,"column":1}},"line":1}},"branchMap":{},"s":{"0":3,"1":3,"2":3},"f":{"0":3},"b":{},"_coverageSchema":"1a1c01bbd47fc00a2c39e90264f33305004495a9","hash":"9801a7e3006ff28999f42d0c4d16bdac892c2484"}
,"E:\\Development\\NodeJs_Unacademy\\Ecomm\\model\\Category.js": {"path":"E:\\Development\\NodeJs_Unacademy\\Ecomm\\model\\Category.js","statementMap":{"0":{"start":{"line":1,"column":0},"end":{"line":21,"column":2}},"1":{"start":{"line":2,"column":19},"end":{"line":18,"column":3}},"2":{"start":{"line":20,"column":2},"end":{"line":20,"column":20}}},"fnMap":{"0":{"name":"(anonymous_0)","decl":{"start":{"line":1,"column":17},"end":{"line":1,"column":18}},"loc":{"start":{"line":1,"column":51},"end":{"line":21,"column":1}},"line":1}},"branchMap":{},"s":{"0":3,"1":3,"2":3},"f":{"0":3},"b":{},"_coverageSchema":"1a1c01bbd47fc00a2c39e90264f33305004495a9","hash":"1fea7324a90af4b275faea1501a4f192bfe1ce14"}
,"E:\\Development\\NodeJs_Unacademy\\Ecomm\\model\\Product.js": {"path":"E:\\Development\\NodeJs_Unacademy\\Ecomm\\model\\Product.js","statementMap":{"0":{"start":{"line":1,"column":0},"end":{"line":25,"column":2}},"1":{"start":{"line":2,"column":17},"end":{"line":22,"column":3}},"2":{"start":{"line":24,"column":2},"end":{"line":24,"column":18}}},"fnMap":{"0":{"name":"(anonymous_0)","decl":{"start":{"line":1,"column":17},"end":{"line":1,"column":18}},"loc":{"start":{"line":1,"column":51},"end":{"line":25,"column":1}},"line":1}},"branchMap":{},"s":{"0":3,"1":3,"2":3},"f":{"0":3},"b":{},"_coverageSchema":"1a1c01bbd47fc00a2c39e90264f33305004495a9","hash":"2eed22fcd1c21030a5060989ee832d4232b06244"}
,"E:\\Development\\NodeJs_Unacademy\\Ecomm\\model\\Roles.js": {"path":"E:\\Development\\NodeJs_Unacademy\\Ecomm\\model\\Roles.js","statementMap":{"0":{"start":{"line":1,"column":0},"end":{"line":13,"column":2}},"1":{"start":{"line":2,"column":15},"end":{"line":10,"column":4}},"2":{"start":{"line":12,"column":2},"end":{"line":12,"column":14}}},"fnMap":{"0":{"name":"(anonymous_0)","decl":{"start":{"line":1,"column":17},"end":{"line":1,"column":18}},"loc":{"start":{"line":1,"column":46},"end":{"line":13,"column":1}},"line":1}},"branchMap":{},"s":{"0":3,"1":3,"2":3},"f":{"0":3},"b":{},"_coverageSchema":"1a1c01bbd47fc00a2c39e90264f33305004495a9","hash":"3eb1dd1e0a71e4b20c0e762be59ee689ee65696e"}
,"E:\\Development\\NodeJs_Unacademy\\Ecomm\\model\\User.js": {"path":"E:\\Development\\NodeJs_Unacademy\\Ecomm\\model\\User.js","statementMap":{"0":{"start":{"line":1,"column":0},"end":{"line":15,"column":2}},"1":{"start":{"line":2,"column":15},"end":{"line":12,"column":4}},"2":{"start":{"line":14,"column":2},"end":{"line":14,"column":14}}},"fnMap":{"0":{"name":"(anonymous_0)","decl":{"start":{"line":1,"column":17},"end":{"line":1,"column":18}},"loc":{"start":{"line":1,"column":46},"end":{"line":15,"column":1}},"line":1}},"branchMap":{},"s":{"0":3,"1":3,"2":3},"f":{"0":3},"b":{},"_coverageSchema":"1a1c01bbd47fc00a2c39e90264f33305004495a9","hash":"399888e3c95c52b121c4f0c866b22318383a3116"}
,"E:\\Development\\NodeJs_Unacademy\\Ecomm\\model\\index.js": {"path":"E:\\Development\\NodeJs_Unacademy\\Ecomm\\model\\index.js","statementMap":{"0":{"start":{"line":1,"column":18},"end":{"line":1,"column":38}},"1":{"start":{"line":2,"column":12},"end":{"line":2,"column":49}},"2":{"start":{"line":3,"column":17},"end":{"line":3,"column":54}},"3":{"start":{"line":4,"column":9},"end":{"line":4,"column":11}},"4":{"start":{"line":6,"column":0},"end":{"line":16,"column":3}},"5":{"start":{"line":17,"column":0},"end":{"line":17,"column":25}},"6":{"start":{"line":18,"column":0},"end":{"line":18,"column":56}},"7":{"start":{"line":19,"column":0},"end":{"line":19,"column":54}},"8":{"start":{"line":20,"column":0},"end":{"line":20,"column":60}},"9":{"start":{"line":21,"column":0},"end":{"line":21,"column":54}},"10":{"start":{"line":22,"column":0},"end":{"line":22,"column":62}},"11":{"start":{"line":24,"column":0},"end":{"line":28,"column":3}},"12":{"start":{"line":30,"column":0},"end":{"line":34,"column":3}},"13":{"start":{"line":36,"column":0},"end":{"line":40,"column":3}},"14":{"start":{"line":42,"column":0},"end":{"line":46,"column":3}},"15":{"start":{"line":48,"column":0},"end":{"line":48,"column":29}},"16":{"start":{"line":50,"column":0},"end":{"line":50,"column":20}}},"fnMap":{},"branchMap":{"0":{"loc":{"start":{"line":2,"column":12},"end":{"line":2,"column":49}},"type":"binary-expr","locations":[{"start":{"line":2,"column":12},"end":{"line":2,"column":32}},{"start":{"line":2,"column":36},"end":{"line":2,"column":49}}],"line":2}},"s":{"0":3,"1":3,"2":3,"3":3,"4":3,"5":3,"6":3,"7":3,"8":3,"9":3,"10":3,"11":3,"12":3,"13":3,"14":3,"15":3,"16":3},"f":{},"b":{"0":[3,0]},"_coverageSchema":"1a1c01bbd47fc00a2c39e90264f33305004495a9","hash":"44e1ee76feadfa4fd11231141991f428153ea198"}
,"E:\\Development\\NodeJs_Unacademy\\Ecomm\\routes\\auth.route.js": {"path":"E:\\Development\\NodeJs_Unacademy\\Ecomm\\routes\\auth.route.js","statementMap":{"0":{"start":{"line":1,"column":19},"end":{"line":1,"column":61}},"1":{"start":{"line":2,"column":16},"end":{"line":2,"column":34}},"2":{"start":{"line":3,"column":21},"end":{"line":3,"column":61}},"3":{"start":{"line":4,"column":19},"end":{"line":4,"column":28}},"4":{"start":{"line":5,"column":15},"end":{"line":5,"column":31}},"5":{"start":{"line":7,"column":0},"end":{"line":13,"column":3}},"6":{"start":{"line":8,"column":2},"end":{"line":11,"column":4}},"7":{"start":{"line":12,"column":2},"end":{"line":12,"column":9}},"8":{"start":{"line":15,"column":0},"end":{"line":19,"column":2}},"9":{"start":{"line":20,"column":0},"end":{"line":20,"column":42}},"10":{"start":{"line":22,"column":0},"end":{"line":22,"column":24}}},"fnMap":{"0":{"name":"(anonymous_0)","decl":{"start":{"line":7,"column":15},"end":{"line":7,"column":16}},"loc":{"start":{"line":7,"column":41},"end":{"line":13,"column":1}},"line":7}},"branchMap":{},"s":{"0":1,"1":1,"2":1,"3":1,"4":1,"5":1,"6":0,"7":0,"8":1,"9":1,"10":1},"f":{"0":0},"b":{},"_coverageSchema":"1a1c01bbd47fc00a2c39e90264f33305004495a9","hash":"4cfc7fb40a16ed318189f5d3da67e5b41e270f48"}
,"E:\\Development\\NodeJs_Unacademy\\Ecomm\\routes\\cart.route.js": {"path":"E:\\Development\\NodeJs_Unacademy\\Ecomm\\routes\\cart.route.js","statementMap":{"0":{"start":{"line":1,"column":14},"end":{"line":1,"column":32}},"1":{"start":{"line":2,"column":17},"end":{"line":2,"column":33}},"2":{"start":{"line":3,"column":21},"end":{"line":3,"column":63}},"3":{"start":{"line":4,"column":14},"end":{"line":4,"column":49}},"4":{"start":{"line":6,"column":0},"end":{"line":6,"column":74}},"5":{"start":{"line":7,"column":0},"end":{"line":7,"column":77}},"6":{"start":{"line":9,"column":0},"end":{"line":9,"column":71}},"7":{"start":{"line":11,"column":0},"end":{"line":11,"column":28}}},"fnMap":{},"branchMap":{},"s":{"0":1,"1":1,"2":1,"3":1,"4":1,"5":1,"6":1,"7":1},"f":{},"b":{},"_coverageSchema":"1a1c01bbd47fc00a2c39e90264f33305004495a9","hash":"75132c95299cd1d3846cf86b4745fd7da496a539"}
,"E:\\Development\\NodeJs_Unacademy\\Ecomm\\routes\\categories.route.js": {"path":"E:\\Development\\NodeJs_Unacademy\\Ecomm\\routes\\categories.route.js","statementMap":{"0":{"start":{"line":1,"column":14},"end":{"line":1,"column":32}},"1":{"start":{"line":2,"column":21},"end":{"line":2,"column":37}},"2":{"start":{"line":3,"column":25},"end":{"line":3,"column":71}},"3":{"start":{"line":4,"column":23},"end":{"line":4,"column":67}},"4":{"start":{"line":6,"column":0},"end":{"line":6,"column":61}},"5":{"start":{"line":8,"column":0},"end":{"line":12,"column":2}},"6":{"start":{"line":14,"column":0},"end":{"line":21,"column":2}},"7":{"start":{"line":23,"column":0},"end":{"line":27,"column":2}},"8":{"start":{"line":29,"column":0},"end":{"line":33,"column":2}},"9":{"start":{"line":35,"column":0},"end":{"line":35,"column":32}}},"fnMap":{},"branchMap":{},"s":{"0":1,"1":1,"2":1,"3":1,"4":1,"5":1,"6":1,"7":1,"8":1,"9":1},"f":{},"b":{},"_coverageSchema":"1a1c01bbd47fc00a2c39e90264f33305004495a9","hash":"37b48e690ea3871c42984ef2782188b732672057"}
,"E:\\Development\\NodeJs_Unacademy\\Ecomm\\routes\\index.js": {"path":"E:\\Development\\NodeJs_Unacademy\\Ecomm\\routes\\index.js","statementMap":{"0":{"start":{"line":1,"column":14},"end":{"line":1,"column":32}},"1":{"start":{"line":2,"column":13},"end":{"line":2,"column":28}},"2":{"start":{"line":3,"column":22},"end":{"line":3,"column":49}},"3":{"start":{"line":4,"column":24},"end":{"line":4,"column":53}},"4":{"start":{"line":5,"column":18},"end":{"line":5,"column":41}},"5":{"start":{"line":6,"column":18},"end":{"line":6,"column":41}},"6":{"start":{"line":7,"column":13},"end":{"line":7,"column":29}},"7":{"start":{"line":9,"column":0},"end":{"line":11,"column":3}},"8":{"start":{"line":10,"column":2},"end":{"line":10,"column":63}},"9":{"start":{"line":13,"column":0},"end":{"line":13,"column":44}},"10":{"start":{"line":14,"column":0},"end":{"line":14,"column":57}},"11":{"start":{"line":15,"column":0},"end":{"line":15,"column":52}},"12":{"start":{"line":16,"column":0},"end":{"line":16,"column":44}},"13":{"start":{"line":17,"column":0},"end":{"line":17,"column":24}}},"fnMap":{"0":{"name":"(anonymous_0)","decl":{"start":{"line":9,"column":16},"end":{"line":9,"column":17}},"loc":{"start":{"line":9,"column":42},"end":{"line":11,"column":1}},"line":9}},"branchMap":{},"s":{"0":1,"1":1,"2":1,"3":1,"4":1,"5":1,"6":1,"7":1,"8":0,"9":1,"10":1,"11":1,"12":1,"13":1},"f":{"0":0},"b":{},"_coverageSchema":"1a1c01bbd47fc00a2c39e90264f33305004495a9","hash":"f2100b3bbaeb5130ede106fc0f0ac88986925448"}
,"E:\\Development\\NodeJs_Unacademy\\Ecomm\\routes\\products.route.js": {"path":"E:\\Development\\NodeJs_Unacademy\\Ecomm\\routes\\products.route.js","statementMap":{"0":{"start":{"line":1,"column":14},"end":{"line":1,"column":32}},"1":{"start":{"line":2,"column":20},"end":{"line":2,"column":36}},"2":{"start":{"line":3,"column":24},"end":{"line":3,"column":69}},"3":{"start":{"line":4,"column":14},"end":{"line":4,"column":49}},"4":{"start":{"line":6,"column":0},"end":{"line":6,"column":80}},"5":{"start":{"line":7,"column":0},"end":{"line":7,"column":67}},"6":{"start":{"line":9,"column":0},"end":{"line":9,"column":58}},"7":{"start":{"line":11,"column":0},"end":{"line":11,"column":31}}},"fnMap":{},"branchMap":{},"s":{"0":1,"1":1,"2":1,"3":1,"4":1,"5":1,"6":1,"7":1},"f":{},"b":{},"_coverageSchema":"1a1c01bbd47fc00a2c39e90264f33305004495a9","hash":"56ce3f1b32afbc83cd129db0bf5402b682eaf7fa"}
,"E:\\Development\\NodeJs_Unacademy\\Ecomm\\test\\unit\\interceptor.js": {"path":"E:\\Development\\NodeJs_Unacademy\\Ecomm\\test\\unit\\interceptor.js","statementMap":{"0":{"start":{"line":1,"column":0},"end":{"line":20,"column":2}},"1":{"start":{"line":3,"column":16},"end":{"line":3,"column":18}},"2":{"start":{"line":4,"column":4},"end":{"line":4,"column":46}},"3":{"start":{"line":5,"column":4},"end":{"line":5,"column":48}},"4":{"start":{"line":6,"column":4},"end":{"line":6,"column":47}},"5":{"start":{"line":7,"column":4},"end":{"line":7,"column":15}},"6":{"start":{"line":11,"column":16},"end":{"line":11,"column":18}},"7":{"start":{"line":12,"column":4},"end":{"line":12,"column":46}},"8":{"start":{"line":13,"column":4},"end":{"line":13,"column":46}},"9":{"start":{"line":14,"column":4},"end":{"line":14,"column":48}},"10":{"start":{"line":15,"column":4},"end":{"line":15,"column":47}},"11":{"start":{"line":16,"column":4},"end":{"line":16,"column":24}},"12":{"start":{"line":18,"column":4},"end":{"line":18,"column":15}}},"fnMap":{"0":{"name":"(anonymous_0)","decl":{"start":{"line":2,"column":15},"end":{"line":2,"column":16}},"loc":{"start":{"line":2,"column":21},"end":{"line":8,"column":3}},"line":2},"1":{"name":"(anonymous_1)","decl":{"start":{"line":10,"column":16},"end":{"line":10,"column":17}},"loc":{"start":{"line":10,"column":22},"end":{"line":19,"column":3}},"line":10}},"branchMap":{},"s":{"0":2,"1":4,"2":4,"3":4,"4":4,"5":4,"6":4,"7":4,"8":4,"9":4,"10":4,"11":4,"12":4},"f":{"0":4,"1":4},"b":{},"_coverageSchema":"1a1c01bbd47fc00a2c39e90264f33305004495a9","hash":"2fece1b46258766dc710ba7a30d2002700f88eff"}
}
