TN:
SF:app.js
FN:13,(anonymous_0)
FN:17,(anonymous_1)
FN:22,(anonymous_2)
FN:39,(anonymous_3)
FNF:4
FNH:4
FNDA:1,(anonymous_0)
FNDA:1,(anonymous_1)
FNDA:1,(anonymous_2)
FNDA:1,(anonymous_3)
DA:1,1
DA:2,1
DA:3,1
DA:4,1
DA:5,1
DA:6,1
DA:7,1
DA:8,1
DA:9,1
DA:11,1
DA:13,1
DA:14,1
DA:17,1
DA:18,1
DA:19,1
DA:22,1
DA:23,1
DA:39,1
DA:40,1
DA:52,1
LF:20
LH:20
BRF:0
BRH:0
end_of_record
TN:
SF:config\auth.config.js
FNF:0
FNH:0
DA:1,1
DA:5,1
LF:2
LH:2
BRF:0
BRH:0
end_of_record
TN:
SF:config\db.config.js
FNF:0
FNH:0
DA:1,3
DA:15,3
DA:29,3
LF:3
LH:3
BRF:0
BRH:0
end_of_record
TN:
SF:controller\auth.controller.js
FN:6,(anonymous_0)
FN:34,(anonymous_1)
FNF:2
FNH:0
FNDA:0,(anonymous_0)
FNDA:0,(anonymous_1)
DA:1,1
DA:2,1
DA:3,1
DA:4,1
DA:6,1
DA:7,0
DA:13,0
DA:14,0
DA:22,0
DA:23,0
DA:27,0
DA:28,0
DA:34,1
DA:35,0
DA:41,0
DA:42,0
DA:45,0
DA:48,0
DA:53,0
DA:54,0
DA:57,0
DA:60,0
DA:64,0
DA:65,0
DA:66,0
DA:67,0
DA:70,0
DA:79,1
LF:28
LH:7
BRDA:13,0,0,0
BRDA:13,0,1,0
BRDA:41,1,0,0
BRDA:41,1,1,0
BRDA:53,2,0,0
BRDA:53,2,1,0
BRF:6
BRH:0
end_of_record
TN:
SF:controller\cart.controller.js
FN:3,(anonymous_0)
FN:17,(anonymous_1)
FN:50,(anonymous_2)
FNF:3
FNH:0
FNDA:0,(anonymous_0)
FNDA:0,(anonymous_1)
FNDA:0,(anonymous_2)
DA:1,1
DA:3,1
DA:4,0
DA:5,0
DA:6,0
DA:7,0
DA:11,0
DA:17,1
DA:18,0
DA:19,0
DA:20,0
DA:21,0
DA:27,0
DA:28,0
DA:29,0
DA:30,0
DA:31,0
DA:32,0
DA:33,0
DA:34,0
DA:41,0
DA:50,1
DA:51,0
DA:52,0
DA:53,0
DA:54,0
DA:55,0
DA:56,0
DA:57,0
DA:64,0
DA:71,1
LF:31
LH:5
BRDA:20,0,0,0
BRDA:20,0,1,0
BRDA:27,1,0,0
BRDA:27,1,1,0
BRF:4
BRH:0
end_of_record
TN:
SF:controller\category.controller.js
FN:3,(anonymous_0)
FN:14,(anonymous_1)
FN:26,(anonymous_2)
FN:37,(anonymous_3)
FN:58,(anonymous_4)
FNF:5
FNH:2
FNDA:2,(anonymous_0)
FNDA:1,(anonymous_1)
FNDA:0,(anonymous_2)
FNDA:0,(anonymous_3)
FNDA:0,(anonymous_4)
DA:1,2
DA:3,2
DA:4,2
DA:5,2
DA:6,1
DA:8,1
DA:14,2
DA:15,1
DA:16,1
DA:22,1
DA:23,1
DA:26,2
DA:27,0
DA:28,0
DA:29,0
DA:30,0
DA:31,0
DA:33,0
DA:37,2
DA:38,0
DA:39,0
DA:40,0
DA:41,0
DA:42,0
DA:45,0
DA:51,0
DA:52,0
DA:54,0
DA:58,2
DA:59,0
DA:60,0
DA:65,0
DA:71,0
DA:72,0
DA:75,2
DA:82,2
LF:36
LH:16
BRDA:41,0,0,0
BRDA:41,0,1,0
BRF:2
BRH:0
end_of_record
TN:
SF:controller\product.controller.js
FN:3,(anonymous_0)
FN:42,(anonymous_1)
FN:54,(anonymous_2)
FN:84,(anonymous_3)
FN:94,(anonymous_4)
FN:107,(anonymous_5)
FNF:6
FNH:2
FNDA:1,(anonymous_0)
FNDA:1,(anonymous_1)
FNDA:0,(anonymous_2)
FNDA:0,(anonymous_3)
FNDA:0,(anonymous_4)
FNDA:0,(anonymous_5)
DA:1,2
DA:3,2
DA:4,1
DA:37,0
DA:42,2
DA:43,1
DA:44,1
DA:45,1
DA:46,1
DA:48,0
DA:54,2
DA:55,0
DA:56,0
DA:57,0
DA:58,0
DA:60,0
DA:61,0
DA:63,0
DA:64,0
DA:65,0
DA:66,0
DA:68,0
DA:80,0
DA:81,0
DA:84,2
DA:85,0
DA:91,0
DA:94,2
DA:95,0
DA:104,0
DA:107,2
DA:108,0
DA:109,0
DA:110,0
DA:111,0
DA:113,0
DA:118,0
DA:121,2
LF:38
LH:13
BRDA:60,0,0,0
BRDA:60,0,1,0
BRDA:63,1,0,0
BRDA:63,1,1,0
BRDA:63,2,0,0
BRDA:63,2,1,0
BRDA:63,3,0,0
BRDA:63,3,1,0
BRDA:65,4,0,0
BRDA:65,4,1,0
BRDA:65,5,0,0
BRDA:65,5,1,0
BRDA:65,5,2,0
BRDA:109,6,0,0
BRDA:109,6,1,0
BRF:15
BRH:0
end_of_record
TN:
SF:middlewares\ErrorHandler.js
FN:3,(anonymous_0)
FNF:1
FNH:0
FNDA:0,(anonymous_0)
DA:1,1
DA:3,1
DA:4,0
DA:5,0
DA:6,0
DA:13,0
DA:16,1
LF:7
LH:3
BRDA:5,0,0,0
BRDA:5,0,1,0
BRDA:6,1,0,0
BRDA:6,1,1,0
BRF:4
BRH:0
end_of_record
TN:
SF:middlewares\RequestValidator.js
FN:3,(anonymous_0)
FN:12,(anonymous_1)
FNF:2
FNH:0
FNDA:0,(anonymous_0)
FNDA:0,(anonymous_1)
DA:1,1
DA:3,1
DA:4,0
DA:5,0
DA:9,0
DA:12,1
DA:13,0
DA:14,0
DA:15,0
DA:16,0
DA:17,0
DA:22,0
DA:26,0
DA:29,1
LF:14
LH:4
BRDA:4,0,0,0
BRDA:4,0,1,0
BRDA:14,1,0,0
BRDA:14,1,1,0
BRDA:16,2,0,0
BRDA:16,2,1,0
BRF:6
BRH:0
end_of_record
TN:
SF:middlewares\VerifySignUp.js
FN:5,(anonymous_0)
FN:22,(anonymous_1)
FNF:2
FNH:0
FNDA:0,(anonymous_0)
FNDA:0,(anonymous_1)
DA:1,1
DA:2,1
DA:3,1
DA:5,1
DA:6,0
DA:12,0
DA:13,0
DA:16,0
DA:19,0
DA:22,1
DA:23,0
DA:26,0
DA:27,0
DA:28,0
DA:31,0
DA:35,0
DA:38,1
DA:42,1
LF:18
LH:7
BRDA:12,0,0,0
BRDA:12,0,1,0
BRDA:23,1,0,0
BRDA:23,1,1,0
BRDA:27,2,0,0
BRDA:27,2,1,0
BRF:6
BRH:0
end_of_record
TN:
SF:middlewares\authJwt.js
FN:4,(anonymous_0)
FN:13,(anonymous_1)
FNF:2
FNH:1
FNDA:1,(anonymous_0)
FNDA:0,(anonymous_1)
DA:1,1
DA:2,1
DA:4,1
DA:5,1
DA:6,1
DA:7,1
DA:10,1
DA:13,0
DA:14,0
DA:15,0
DA:19,0
DA:22,0
DA:23,0
DA:27,1
LF:14
LH:8
BRDA:6,0,0,1
BRDA:6,0,1,0
BRDA:14,1,0,0
BRDA:14,1,1,0
BRF:4
BRH:1
end_of_record
TN:
SF:model\Cart.js
FN:1,(anonymous_0)
FNF:1
FNH:1
FNDA:3,(anonymous_0)
DA:1,3
DA:2,3
DA:19,3
LF:3
LH:3
BRF:0
BRH:0
end_of_record
TN:
SF:model\Category.js
FN:1,(anonymous_0)
FNF:1
FNH:1
FNDA:3,(anonymous_0)
DA:1,3
DA:2,3
DA:20,3
LF:3
LH:3
BRF:0
BRH:0
end_of_record
TN:
SF:model\Product.js
FN:1,(anonymous_0)
FNF:1
FNH:1
FNDA:3,(anonymous_0)
DA:1,3
DA:2,3
DA:24,3
LF:3
LH:3
BRF:0
BRH:0
end_of_record
TN:
SF:model\Roles.js
FN:1,(anonymous_0)
FNF:1
FNH:1
FNDA:3,(anonymous_0)
DA:1,3
DA:2,3
DA:12,3
LF:3
LH:3
BRF:0
BRH:0
end_of_record
TN:
SF:model\User.js
FN:1,(anonymous_0)
FNF:1
FNH:1
FNDA:3,(anonymous_0)
DA:1,3
DA:2,3
DA:14,3
LF:3
LH:3
BRF:0
BRH:0
end_of_record
TN:
SF:model\index.js
FNF:0
FNH:0
DA:1,3
DA:2,3
DA:3,3
DA:4,3
DA:6,3
DA:17,3
DA:18,3
DA:19,3
DA:20,3
DA:21,3
DA:22,3
DA:24,3
DA:30,3
DA:36,3
DA:42,3
DA:48,3
DA:50,3
LF:17
LH:17
BRDA:2,0,0,3
BRDA:2,0,1,0
BRF:2
BRH:1
end_of_record
TN:
SF:routes\auth.route.js
FN:7,(anonymous_0)
FNF:1
FNH:0
FNDA:0,(anonymous_0)
DA:1,1
DA:2,1
DA:3,1
DA:4,1
DA:5,1
DA:7,1
DA:8,0
DA:12,0
DA:15,1
DA:20,1
DA:22,1
LF:11
LH:9
BRF:0
BRH:0
end_of_record
TN:
SF:routes\cart.route.js
FNF:0
FNH:0
DA:1,1
DA:2,1
DA:3,1
DA:4,1
DA:6,1
DA:7,1
DA:9,1
DA:11,1
LF:8
LH:8
BRF:0
BRH:0
end_of_record
TN:
SF:routes\categories.route.js
FNF:0
FNH:0
DA:1,1
DA:2,1
DA:3,1
DA:4,1
DA:6,1
DA:8,1
DA:14,1
DA:23,1
DA:29,1
DA:35,1
LF:10
LH:10
BRF:0
BRH:0
end_of_record
TN:
SF:routes\index.js
FN:9,(anonymous_0)
FNF:1
FNH:0
FNDA:0,(anonymous_0)
DA:1,1
DA:2,1
DA:3,1
DA:4,1
DA:5,1
DA:6,1
DA:7,1
DA:9,1
DA:10,0
DA:13,1
DA:14,1
DA:15,1
DA:16,1
DA:17,1
LF:14
LH:13
BRF:0
BRH:0
end_of_record
TN:
SF:routes\products.route.js
FNF:0
FNH:0
DA:1,1
DA:2,1
DA:3,1
DA:4,1
DA:6,1
DA:7,1
DA:9,1
DA:11,1
LF:8
LH:8
BRF:0
BRH:0
end_of_record
TN:
SF:test\unit\interceptor.js
FN:2,(anonymous_0)
FN:10,(anonymous_1)
FNF:2
FNH:2
FNDA:4,(anonymous_0)
FNDA:4,(anonymous_1)
DA:1,2
DA:3,4
DA:4,4
DA:5,4
DA:6,4
DA:7,4
DA:11,4
DA:12,4
DA:13,4
DA:14,4
DA:15,4
DA:16,4
DA:18,4
LF:13
LH:13
BRF:0
BRH:0
end_of_record
